<?xml version="1.0" encoding="UTF-8"?>
<testng-results ignored="0" total="1" passed="1" failed="0" skipped="0">
  <reporter-output>
  </reporter-output>
  <suite started-at="2021-12-28T19:55:27 IST" name="Default suite" finished-at="2021-12-28T19:56:19 IST" duration-ms="52038">
    <groups>
    </groups>
    <test started-at="2021-12-28T19:55:27 IST" name="Default test" finished-at="2021-12-28T19:56:19 IST" duration-ms="52038">
      <class name="Temp.Login">
        <test-method signature="metamask()[pri:0, instance:Temp.Login@37654521]" started-at="2021-12-28T19:55:27 IST" name="metamask" finished-at="2021-12-28T19:56:19 IST" duration-ms="51956" status="PASS">
          <reporter-output>
          </reporter-output>
        </test-method> <!-- metamask -->
      </class> <!-- Temp.Login -->
    </test> <!-- Default test -->
  </suite> <!-- Default suite -->
</testng-results>
